[java_app] Running shell script
+ mvn install
[INFO] Scanning for projects...
[INFO]                                                                         
[INFO] ------------------------------------------------------------------------
[INFO] Building log-generator 0.0.1-SNAPSHOT
[INFO] ------------------------------------------------------------------------
[INFO] 
[INFO] --- maven-enforcer-plugin:1.0:enforce (enforce) @ log-generator ---
[INFO] 
[INFO] --- maven-resources-plugin:2.6:resources (default-resources) @ log-generator ---
[INFO] Using 'UTF-8' encoding to copy filtered resources.
[INFO] Copying 3 resources
[INFO] 
[INFO] --- maven-compiler-plugin:2.3.2:compile (default-compile) @ log-generator ---
[INFO] Compiling 7 source files to /var/jenkins_home/workspace/Workfront_Git_SCM/java_app/target/classes
[INFO] 
[INFO] --- maven-resources-plugin:2.6:testResources (default-testResources) @ log-generator ---
[INFO] Using 'UTF-8' encoding to copy filtered resources.
[INFO] skip non existing resourceDirectory /var/jenkins_home/workspace/Workfront_Git_SCM/java_app/src/test/resources
[INFO] 
[INFO] --- maven-compiler-plugin:2.3.2:testCompile (default-testCompile) @ log-generator ---
[INFO] No sources to compile
[INFO] 
[INFO] --- maven-surefire-plugin:2.17:test (default-test) @ log-generator ---
[INFO] No tests to run.
[INFO] 
[INFO] --- maven-jar-plugin:2.4:jar (default-jar) @ log-generator ---
[INFO] Building jar: /var/jenkins_home/workspace/Workfront_Git_SCM/java_app/target/log-generator-0.0.1-SNAPSHOT.jar
[INFO] 
[INFO] --- maven-shade-plugin:2.1:shade (default) @ log-generator ---
[INFO] Including org.slf4j:slf4j-api:jar:1.7.5 in the shaded jar.
[INFO] Including com.beust:jcommander:jar:1.30 in the shaded jar.
[INFO] Including ch.qos.logback:logback-classic:jar:1.0.13 in the shaded jar.
[INFO] Including ch.qos.logback:logback-core:jar:1.0.13 in the shaded jar.
[INFO] Replacing original artifact with shaded artifact.
[INFO] Replacing /var/jenkins_home/workspace/Workfront_Git_SCM/java_app/target/log-generator-0.0.1-SNAPSHOT.jar with /var/jenkins_home/workspace/Workfront_Git_SCM/java_app/target/log-generator-0.0.1-SNAPSHOT-shaded.jar
[INFO] Dependency-reduced POM written at: /var/jenkins_home/workspace/Workfront_Git_SCM/java_app/dependency-reduced-pom.xml
[INFO] Dependency-reduced POM written at: /var/jenkins_home/workspace/Workfront_Git_SCM/java_app/dependency-reduced-pom.xml
[INFO] 
[INFO] --- maven-install-plugin:2.5.2:install (default-install) @ log-generator ---
[INFO] Installing /var/jenkins_home/workspace/Workfront_Git_SCM/java_app/target/log-generator-0.0.1-SNAPSHOT.jar to /root/.m2/repository/com/github/vspiewak/log-generator/0.0.1-SNAPSHOT/log-generator-0.0.1-SNAPSHOT.jar
[INFO] Installing /var/jenkins_home/workspace/Workfront_Git_SCM/java_app/dependency-reduced-pom.xml to /root/.m2/repository/com/github/vspiewak/log-generator/0.0.1-SNAPSHOT/log-generator-0.0.1-SNAPSHOT.pom
[INFO] ------------------------------------------------------------------------
[INFO] BUILD SUCCESS
[INFO] ------------------------------------------------------------------------
[INFO] Total time: 1.674 s
[INFO] Finished at: 2018-09-21T20:35:09+00:00
[INFO] Final Memory: 18M/208M
[INFO] ------------------------------------------------------------------------
