[java_app] Running shell script
+ mvn clean package sonar:sonar
[INFO] Scanning for projects...
[WARNING] The POM for org.eclipse.m2e:lifecycle-mapping:jar:1.0.0 is missing, no dependency information available
[WARNING] Failed to retrieve plugin descriptor for org.eclipse.m2e:lifecycle-mapping:1.0.0: Plugin org.eclipse.m2e:lifecycle-mapping:1.0.0 or one of its dependencies could not be resolved: Failure to find org.eclipse.m2e:lifecycle-mapping:jar:1.0.0 in https://repo.maven.apache.org/maven2 was cached in the local repository, resolution will not be reattempted until the update interval of central has elapsed or updates are forced
[INFO]                                                                         
[INFO] ------------------------------------------------------------------------
[INFO] Building log-generator 0.0.1-SNAPSHOT
[INFO] ------------------------------------------------------------------------
[INFO] 
[INFO] --- maven-clean-plugin:2.5:clean (default-clean) @ log-generator ---
[INFO] Deleting /var/jenkins_home/workspace/Workfront_Git_SCM/java_app/target
[INFO] 
[INFO] --- maven-enforcer-plugin:1.0:enforce (enforce) @ log-generator ---
[INFO] 
[INFO] --- maven-resources-plugin:2.6:resources (default-resources) @ log-generator ---
[INFO] Using 'UTF-8' encoding to copy filtered resources.
[INFO] Copying 3 resources
[INFO] 
[INFO] --- maven-compiler-plugin:2.3.2:compile (default-compile) @ log-generator ---
[INFO] Compiling 7 source files to /var/jenkins_home/workspace/Workfront_Git_SCM/java_app/target/classes
[INFO] 
[INFO] --- maven-resources-plugin:2.6:testResources (default-testResources) @ log-generator ---
[INFO] Using 'UTF-8' encoding to copy filtered resources.
[INFO] skip non existing resourceDirectory /var/jenkins_home/workspace/Workfront_Git_SCM/java_app/src/test/resources
[INFO] 
[INFO] --- maven-compiler-plugin:2.3.2:testCompile (default-testCompile) @ log-generator ---
[INFO] No sources to compile
[INFO] 
[INFO] --- maven-surefire-plugin:2.17:test (default-test) @ log-generator ---
[INFO] No tests to run.
[INFO] 
[INFO] --- maven-jar-plugin:2.4:jar (default-jar) @ log-generator ---
[INFO] Building jar: /var/jenkins_home/workspace/Workfront_Git_SCM/java_app/target/log-generator-0.0.1-SNAPSHOT.jar
[INFO] 
[INFO] --- maven-shade-plugin:2.1:shade (default) @ log-generator ---
[INFO] Including org.slf4j:slf4j-api:jar:1.7.5 in the shaded jar.
[INFO] Including com.beust:jcommander:jar:1.30 in the shaded jar.
[INFO] Including ch.qos.logback:logback-classic:jar:1.0.13 in the shaded jar.
[INFO] Including ch.qos.logback:logback-core:jar:1.0.13 in the shaded jar.
[INFO] Replacing original artifact with shaded artifact.
[INFO] Replacing /var/jenkins_home/workspace/Workfront_Git_SCM/java_app/target/log-generator-0.0.1-SNAPSHOT.jar with /var/jenkins_home/workspace/Workfront_Git_SCM/java_app/target/log-generator-0.0.1-SNAPSHOT-shaded.jar
[INFO] Dependency-reduced POM written at: /var/jenkins_home/workspace/Workfront_Git_SCM/java_app/dependency-reduced-pom.xml
[INFO] Dependency-reduced POM written at: /var/jenkins_home/workspace/Workfront_Git_SCM/java_app/dependency-reduced-pom.xml
[INFO]                                                                         
[INFO] ------------------------------------------------------------------------
[INFO] Building log-generator 0.0.1-SNAPSHOT
[INFO] ------------------------------------------------------------------------
[WARNING] The POM for org.eclipse.m2e:lifecycle-mapping:jar:1.0.0 is missing, no dependency information available
[WARNING] Failed to retrieve plugin descriptor for org.eclipse.m2e:lifecycle-mapping:1.0.0: Plugin org.eclipse.m2e:lifecycle-mapping:1.0.0 or one of its dependencies could not be resolved: Failure to find org.eclipse.m2e:lifecycle-mapping:jar:1.0.0 in https://repo.maven.apache.org/maven2 was cached in the local repository, resolution will not be reattempted until the update interval of central has elapsed or updates are forced
[INFO] 
[INFO] --- sonar-maven-plugin:3.5.0.1254:sonar (default-cli) @ log-generator ---
[INFO] User cache: /root/.sonar/cache
[INFO] SonarQube version: 6.7.1
[INFO] Default locale: "en", source code encoding: "UTF-8"
[INFO] Publish mode
[INFO] Load global settings
[INFO] Load global settings (done) | time=54ms
[INFO] Server id: AWX9hAoyhqGHiu3x7V-G
[INFO] User cache: /root/.sonar/cache
[INFO] Load plugins index
[INFO] Load plugins index (done) | time=47ms
[INFO] Process project properties
[INFO] Load project repositories
[INFO] Load project repositories (done) | time=69ms
[INFO] Load quality profiles
[INFO] Load quality profiles (done) | time=17ms
[INFO] Load active rules
[INFO] Load active rules (done) | time=288ms
[INFO] Load metrics repository
[INFO] Load metrics repository (done) | time=16ms
[INFO] Project key: com.github.vspiewak:log-generator
[INFO] -------------  Scan log-generator
[INFO] Load server rules
[INFO] Load server rules (done) | time=28ms
[INFO] Base dir: /var/jenkins_home/workspace/Workfront_Git_SCM/java_app
[INFO] Working dir: /var/jenkins_home/workspace/Workfront_Git_SCM/java_app/target/sonar
[INFO] Source paths: dependency-reduced-pom.xml, src/main/java
[INFO] Source encoding: UTF-8, default locale: en
[INFO] Index files
[INFO] 8 files indexed
[INFO] Quality profile for java: Sonar way
[INFO] Quality profile for xml: Sonar way
[INFO] Sensor JavaSquidSensor [java]
[INFO] Configured Java source version (sonar.java.source): 6
[INFO] JavaClasspath initialization
[INFO] JavaClasspath initialization (done) | time=6ms
[INFO] JavaTestClasspath initialization
[INFO] JavaTestClasspath initialization (done) | time=1ms
[INFO] Java Main Files AST scan
[INFO] 7 source files to be analyzed
[INFO] Java Main Files AST scan (done) | time=1227ms
[INFO] 7/7 source files have been analyzed
[INFO] Java Test Files AST scan
[INFO] 0 source files to be analyzed
[INFO] Java Test Files AST scan (done) | time=2ms
[INFO] 0/0 source files have been analyzed
[INFO] Sensor JavaSquidSensor [java] (done) | time=1710ms
[INFO] Sensor SurefireSensor [java]
[INFO] parsing [/var/jenkins_home/workspace/Workfront_Git_SCM/java_app/target/surefire-reports]
[INFO] Sensor SurefireSensor [java] (done) | time=2ms
[INFO] Sensor JaCoCoSensor [java]
[INFO] Sensor JaCoCoSensor [java] (done) | time=0ms
[INFO] Sensor SonarJavaXmlFileSensor [java]
[INFO] 1 source files to be analyzed
[INFO] Sensor SonarJavaXmlFileSensor [java] (done) | time=42ms
[INFO] 1/1 source files have been analyzed
[INFO] Sensor XML Sensor [xml]
[INFO] Sensor XML Sensor [xml] (done) | time=132ms
[INFO] Sensor Analyzer for "php.ini" files [php]
[INFO] Sensor Analyzer for "php.ini" files [php] (done) | time=3ms
[INFO] Sensor Zero Coverage Sensor
[INFO] Sensor Zero Coverage Sensor (done) | time=20ms
[INFO] Sensor CPD Block Indexer
[INFO] Sensor CPD Block Indexer (done) | time=37ms
[INFO] SCM provider for this project is: git
[INFO] 1 files to be analyzed
[INFO] 0/1 files analyzed
[WARNING] Missing blame information for the following files:
[WARNING]   * dependency-reduced-pom.xml
[WARNING] This may lead to missing/broken features in SonarQube
[INFO] 3 files had no CPD blocks
[INFO] Calculating CPD for 4 files
[INFO] CPD calculation finished
[INFO] Analysis report generated in 55ms, dir size=112 KB
[INFO] Analysis reports compressed in 15ms, zip size=39 KB
[INFO] Analysis report uploaded in 42ms
[INFO] ANALYSIS SUCCESSFUL, you can browse http://sonarqube:9000/dashboard/index/com.github.vspiewak:log-generator
[INFO] Note that you will be able to access the updated dashboard once the server has processed the submitted analysis report
[INFO] More about the report processing at http://sonarqube:9000/api/ce/task?id=AWYC36pzKazOl2fAU2yC
[INFO] Task total time: 3.738 s
[INFO] ------------------------------------------------------------------------
[INFO] BUILD SUCCESS
[INFO] ------------------------------------------------------------------------
[INFO] Total time: 6.530 s
[INFO] Finished at: 2018-09-22T20:01:44+00:00
[INFO] Final Memory: 40M/587M
[INFO] ------------------------------------------------------------------------
