[Workfront_Git_SCM] Running shell script
+ curl -v -u admin:admin123 --upload-file /var/jenkins_home/workspace/Workfront_Git_SCM/java_app/target/log-generator-0.0.1-SNAPSHOT.jar http://192.168.1.161:8081/repository/maven-releases/
*   Trying 192.168.1.161...
* TCP_NODELAY set
  % Total    % Received % Xferd  Average Speed   Time    Time     Time  Current
                                 Dload  Upload   Total   Spent    Left  Speed
  0     0    0     0    0     0      0      0 --:--:-- --:--:-- --:--:--     0* Connected to 192.168.1.161 (192.168.1.161) port 8081 (#0)
* Server auth using Basic with user 'admin'
> PUT /repository/maven-releases/log-generator-0.0.1-SNAPSHOT.jar HTTP/1.1
> Host: 192.168.1.161:8081
> Authorization: Basic YWRtaW46YWRtaW4xMjM=
> User-Agent: curl/7.52.1
> Accept: */*
> Content-Length: 798466
> Expect: 100-continue
> 
< HTTP/1.1 400 Invalid path for a Maven 2 repository
< Date: Fri, 21 Sep 2018 23:39:45 GMT
< Server: Nexus/3.13.0-01 (OSS)
< X-Content-Type-Options: nosniff
< Content-Security-Policy: sandbox allow-forms allow-modals allow-popups allow-presentation allow-scripts allow-top-navigation
< Connection: close
< 
{ [0 bytes data]
* Curl_http_done: called premature == 0
  0  779k    0     0    0     0      0      0 --:--:-- --:--:-- --:--:--     0
* Closing connection 0
